build/intermediates/manifest_merge_blame_file/conversationsFreeRelease/processConversationsFreeReleaseMainManifest/manifest-merger-blame-conversations-free-release-report.txt
1<?xml version="1.0" encoding="utf-8"?>
2<manifest xmlns:android="http://schemas.android.com/apk/res/android"
3    package="au.otherhome"
4    android:versionCode="1000800"
5    android:versionName="1.1.8+free" >
6
7    <uses-sdk
8        android:minSdkVersion="23"
9        android:targetSdkVersion="34" />
10
11    <uses-permission android:name="android.permission.READ_CONTACTS" />
11-->src/free/AndroidManifest.xml:4:5-72
11-->src/free/AndroidManifest.xml:4:22-69
12    <uses-permission android:name="android.permission.READ_PROFILE" />
12-->src/free/AndroidManifest.xml:5:5-71
12-->src/free/AndroidManifest.xml:5:22-68
13    <uses-permission android:name="android.permission.READ_MEDIA_IMAGES" />
13-->src/free/AndroidManifest.xml:7:5-76
13-->src/free/AndroidManifest.xml:7:22-73
14    <uses-permission android:name="android.permission.READ_MEDIA_VIDEO" />
14-->src/free/AndroidManifest.xml:8:5-75
14-->src/free/AndroidManifest.xml:8:22-72
15    <uses-permission android:name="android.permission.READ_MEDIA_VISUAL_USER_SELECTED" />
15-->src/free/AndroidManifest.xml:9:5-89
15-->src/free/AndroidManifest.xml:9:22-87
16    <uses-permission android:name="android.permission.READ_MEDIA_AUDIO" />
16-->src/free/AndroidManifest.xml:10:5-75
16-->src/free/AndroidManifest.xml:10:22-72
17    <uses-permission android:name="android.permission.BLUETOOTH_CONNECT" />
17-->src/main/AndroidManifest.xml:5:5-76
17-->src/main/AndroidManifest.xml:5:22-73
18    <uses-permission android:name="android.permission.WRITE_EXTERNAL_STORAGE" />
18-->src/main/AndroidManifest.xml:6:5-81
18-->src/main/AndroidManifest.xml:6:22-78
19    <uses-permission android:name="android.permission.READ_EXTERNAL_STORAGE" />
19-->src/main/AndroidManifest.xml:7:5-80
19-->src/main/AndroidManifest.xml:7:22-77
20    <uses-permission android:name="android.permission.INTERNET" />
20-->src/main/AndroidManifest.xml:8:5-67
20-->src/main/AndroidManifest.xml:8:22-64
21    <uses-permission android:name="android.permission.ACCESS_NETWORK_STATE" />
21-->src/main/AndroidManifest.xml:9:5-79
21-->src/main/AndroidManifest.xml:9:22-76
22    <uses-permission android:name="android.permission.WAKE_LOCK" />
22-->src/main/AndroidManifest.xml:10:5-68
22-->src/main/AndroidManifest.xml:10:22-65
23    <uses-permission android:name="android.permission.RECEIVE_BOOT_COMPLETED" />
23-->src/main/AndroidManifest.xml:11:5-81
23-->src/main/AndroidManifest.xml:11:22-78
24    <uses-permission android:name="android.permission.VIBRATE" />
24-->src/main/AndroidManifest.xml:12:5-66
24-->src/main/AndroidManifest.xml:12:22-63
25    <uses-permission android:name="android.permission.REQUEST_IGNORE_BATTERY_OPTIMIZATIONS" />
25-->src/main/AndroidManifest.xml:13:5-95
25-->src/main/AndroidManifest.xml:13:22-92
26    <uses-permission android:name="android.permission.ACCESS_COARSE_LOCATION" />
26-->src/main/AndroidManifest.xml:14:5-81
26-->src/main/AndroidManifest.xml:14:22-78
27    <uses-permission android:name="android.permission.ACCESS_FINE_LOCATION" />
27-->src/main/AndroidManifest.xml:15:5-79
27-->src/main/AndroidManifest.xml:15:22-76
28    <uses-permission android:name="android.permission.ACCESS_WIFI_STATE" />
28-->src/main/AndroidManifest.xml:16:5-76
28-->src/main/AndroidManifest.xml:16:22-73
29
30    <uses-feature
30-->src/main/AndroidManifest.xml:19:5-21:36
31        android:name="android.hardware.location"
31-->src/main/AndroidManifest.xml:20:9-49
32        android:required="false" />
32-->src/main/AndroidManifest.xml:21:9-33
33    <uses-feature
33-->src/main/AndroidManifest.xml:22:5-24:36
34        android:name="android.hardware.location.gps"
34-->src/main/AndroidManifest.xml:23:9-53
35        android:required="false" />
35-->src/main/AndroidManifest.xml:24:9-33
36    <uses-feature
36-->src/main/AndroidManifest.xml:25:5-27:36
37        android:name="android.hardware.location.network"
37-->src/main/AndroidManifest.xml:26:9-57
38        android:required="false" />
38-->src/main/AndroidManifest.xml:27:9-33
39
40    <uses-permission android:name="android.permission.CAMERA" />
40-->src/main/AndroidManifest.xml:29:5-65
40-->src/main/AndroidManifest.xml:29:22-62
41    <uses-permission android:name="android.permission.RECORD_AUDIO" />
41-->src/main/AndroidManifest.xml:30:5-71
41-->src/main/AndroidManifest.xml:30:22-68
42    <uses-permission android:name="android.permission.BLUETOOTH" />
42-->src/main/AndroidManifest.xml:31:5-68
42-->src/main/AndroidManifest.xml:31:22-65
43    <uses-permission android:name="android.permission.MODIFY_AUDIO_SETTINGS" />
43-->src/main/AndroidManifest.xml:32:5-80
43-->src/main/AndroidManifest.xml:32:22-77
44    <uses-permission android:name="android.permission.USE_FULL_SCREEN_INTENT" />
44-->src/main/AndroidManifest.xml:33:5-81
44-->src/main/AndroidManifest.xml:33:22-78
45    <uses-permission android:name="android.permission.SYSTEM_ALERT_WINDOW" />
45-->src/main/AndroidManifest.xml:34:5-78
45-->src/main/AndroidManifest.xml:34:22-75
46    <uses-permission android:name="android.permission.POST_NOTIFICATIONS" />
46-->src/main/AndroidManifest.xml:35:5-77
46-->src/main/AndroidManifest.xml:35:22-74
47    <!--
48    New permissions required to run as foreground service on Android 14.
49            SYSTEM_EXEMPTED is used when the app is on the doze allow list. This is normal
50            and the expected default behaviour. The other two hijack RECORD_AUDIO and CAMERA if they
51            happen to be granted.
52    -->
53    <uses-permission android:name="android.permission.FOREGROUND_SERVICE" />
53-->src/main/AndroidManifest.xml:41:5-77
53-->src/main/AndroidManifest.xml:41:22-74
54    <uses-permission android:name="android.permission.FOREGROUND_SERVICE_SYSTEM_EXEMPTED" />
54-->src/main/AndroidManifest.xml:42:5-93
54-->src/main/AndroidManifest.xml:42:22-90
55    <uses-permission android:name="android.permission.MANAGE_OWN_CALLS" />
55-->src/main/AndroidManifest.xml:45:5-75
55-->src/main/AndroidManifest.xml:45:22-72
56
57    <uses-feature
57-->src/main/AndroidManifest.xml:47:5-49:36
58        android:name="android.hardware.camera"
58-->src/main/AndroidManifest.xml:48:9-47
59        android:required="false" />
59-->src/main/AndroidManifest.xml:49:9-33
60    <uses-feature
60-->src/main/AndroidManifest.xml:50:5-52:36
61        android:name="android.hardware.camera.autofocus"
61-->src/main/AndroidManifest.xml:51:9-57
62        android:required="false" />
62-->src/main/AndroidManifest.xml:52:9-33
63    <uses-feature
63-->src/main/AndroidManifest.xml:54:5-56:36
64        android:name="android.hardware.microphone"
64-->src/main/AndroidManifest.xml:55:9-51
65        android:required="false" />
65-->src/main/AndroidManifest.xml:56:9-33
66
67    <queries>
67-->src/main/AndroidManifest.xml:58:5-78:15
68        <package android:name="org.sufficientlysecure.keychain" />
68-->src/main/AndroidManifest.xml:59:9-67
68-->src/main/AndroidManifest.xml:59:18-64
69        <package android:name="org.torproject.android" />
69-->src/main/AndroidManifest.xml:60:9-58
69-->src/main/AndroidManifest.xml:60:18-55
70
71        <intent>
71-->src/main/AndroidManifest.xml:62:9-64:18
72            <action android:name="eu.siacs.conversations.location.request" />
72-->src/main/AndroidManifest.xml:63:13-78
72-->src/main/AndroidManifest.xml:63:21-75
73        </intent>
74        <intent>
74-->src/main/AndroidManifest.xml:65:9-67:18
75            <action android:name="eu.siacs.conversations.location.show" />
75-->src/main/AndroidManifest.xml:66:13-75
75-->src/main/AndroidManifest.xml:66:21-72
76        </intent>
77        <intent>
77-->src/main/AndroidManifest.xml:68:9-71:18
78            <action android:name="android.intent.action.VIEW" />
78-->src/main/AndroidManifest.xml:69:13-65
78-->src/main/AndroidManifest.xml:69:21-62
79
80            <data android:mimeType="resource/folder" />
80-->src/main/AndroidManifest.xml:70:13-56
80-->src/main/AndroidManifest.xml:70:19-53
81        </intent>
82        <intent>
82-->src/main/AndroidManifest.xml:72:9-74:18
83            <action android:name="android.intent.action.VIEW" />
83-->src/main/AndroidManifest.xml:69:13-65
83-->src/main/AndroidManifest.xml:69:21-62
84        </intent>
85        <intent>
85-->src/main/AndroidManifest.xml:75:9-77:18
86            <action android:name="org.unifiedpush.android.connector.MESSAGE" />
86-->src/main/AndroidManifest.xml:76:13-80
86-->src/main/AndroidManifest.xml:76:21-77
87        </intent>
88    </queries> <!-- for android -->
89    <!-- <uses-permission android:name="com.android.launcher.permission.READ_SETTINGS"/> -->
90    <!-- <uses-permission android:name="com.android.launcher.permission.WRITE_SETTINGS"/> -->
91    <!-- <uses-permission android:name="com.android.launcher.permission.INSTALL_SHORTCUT" /> -->
92    <!-- <uses-permission android:name="com.android.launcher.permission.UNINSTALL_SHORTCUT" /> -->
93    <!-- for Samsung -->
94    <uses-permission android:name="com.sec.android.provider.badge.permission.READ" />
94-->[me.leolin:ShortcutBadger:1.1.22] AndroidManifest.xml:19:5-86
94-->[me.leolin:ShortcutBadger:1.1.22] AndroidManifest.xml:19:22-83
95    <uses-permission android:name="com.sec.android.provider.badge.permission.WRITE" /> <!-- for htc -->
95-->[me.leolin:ShortcutBadger:1.1.22] AndroidManifest.xml:20:5-87
95-->[me.leolin:ShortcutBadger:1.1.22] AndroidManifest.xml:20:22-84
96    <uses-permission android:name="com.htc.launcher.permission.READ_SETTINGS" />
96-->[me.leolin:ShortcutBadger:1.1.22] AndroidManifest.xml:23:5-81
96-->[me.leolin:ShortcutBadger:1.1.22] AndroidManifest.xml:23:22-78
97    <uses-permission android:name="com.htc.launcher.permission.UPDATE_SHORTCUT" /> <!-- for sony -->
97-->[me.leolin:ShortcutBadger:1.1.22] AndroidManifest.xml:24:5-83
97-->[me.leolin:ShortcutBadger:1.1.22] AndroidManifest.xml:24:22-80
98    <uses-permission android:name="com.sonyericsson.home.permission.BROADCAST_BADGE" />
98-->[me.leolin:ShortcutBadger:1.1.22] AndroidManifest.xml:27:5-88
98-->[me.leolin:ShortcutBadger:1.1.22] AndroidManifest.xml:27:22-85
99    <uses-permission android:name="com.sonymobile.home.permission.PROVIDER_INSERT_BADGE" /> <!-- for apex -->
99-->[me.leolin:ShortcutBadger:1.1.22] AndroidManifest.xml:28:5-92
99-->[me.leolin:ShortcutBadger:1.1.22] AndroidManifest.xml:28:22-89
100    <uses-permission android:name="com.anddoes.launcher.permission.UPDATE_COUNT" /> <!-- for solid -->
100-->[me.leolin:ShortcutBadger:1.1.22] AndroidManifest.xml:31:5-84
100-->[me.leolin:ShortcutBadger:1.1.22] AndroidManifest.xml:31:22-81
101    <uses-permission android:name="com.majeur.launcher.permission.UPDATE_BADGE" /> <!-- for huawei -->
101-->[me.leolin:ShortcutBadger:1.1.22] AndroidManifest.xml:34:5-83
101-->[me.leolin:ShortcutBadger:1.1.22] AndroidManifest.xml:34:22-80
102    <uses-permission android:name="com.huawei.android.launcher.permission.CHANGE_BADGE" />
102-->[me.leolin:ShortcutBadger:1.1.22] AndroidManifest.xml:37:5-91
102-->[me.leolin:ShortcutBadger:1.1.22] AndroidManifest.xml:37:22-88
103    <uses-permission android:name="com.huawei.android.launcher.permission.READ_SETTINGS" />
103-->[me.leolin:ShortcutBadger:1.1.22] AndroidManifest.xml:38:5-92
103-->[me.leolin:ShortcutBadger:1.1.22] AndroidManifest.xml:38:22-89
104    <uses-permission android:name="com.huawei.android.launcher.permission.WRITE_SETTINGS" /> <!-- for ZUK -->
104-->[me.leolin:ShortcutBadger:1.1.22] AndroidManifest.xml:39:5-93
104-->[me.leolin:ShortcutBadger:1.1.22] AndroidManifest.xml:39:22-90
105    <uses-permission android:name="android.permission.READ_APP_BADGE" /> <!-- for OPPO -->
105-->[me.leolin:ShortcutBadger:1.1.22] AndroidManifest.xml:42:5-73
105-->[me.leolin:ShortcutBadger:1.1.22] AndroidManifest.xml:42:22-70
106    <uses-permission android:name="com.oppo.launcher.permission.READ_SETTINGS" />
106-->[me.leolin:ShortcutBadger:1.1.22] AndroidManifest.xml:45:5-82
106-->[me.leolin:ShortcutBadger:1.1.22] AndroidManifest.xml:45:22-79
107    <uses-permission android:name="com.oppo.launcher.permission.WRITE_SETTINGS" /> <!-- for EvMe -->
107-->[me.leolin:ShortcutBadger:1.1.22] AndroidManifest.xml:46:5-83
107-->[me.leolin:ShortcutBadger:1.1.22] AndroidManifest.xml:46:22-80
108    <uses-permission android:name="me.everything.badger.permission.BADGE_COUNT_READ" />
108-->[me.leolin:ShortcutBadger:1.1.22] AndroidManifest.xml:49:5-88
108-->[me.leolin:ShortcutBadger:1.1.22] AndroidManifest.xml:49:22-85
109    <uses-permission android:name="me.everything.badger.permission.BADGE_COUNT_WRITE" />
109-->[me.leolin:ShortcutBadger:1.1.22] AndroidManifest.xml:50:5-89
109-->[me.leolin:ShortcutBadger:1.1.22] AndroidManifest.xml:50:22-86
110
111    <supports-screens
111-->[org.osmdroid:osmdroid-android:6.1.11] AndroidManifest.xml:11:5-14:40
112        android:anyDensity="true"
112-->[org.osmdroid:osmdroid-android:6.1.11] AndroidManifest.xml:12:9-34
113        android:largeScreens="true"
113-->[org.osmdroid:osmdroid-android:6.1.11] AndroidManifest.xml:13:9-36
114        android:normalScreens="true" />
114-->[org.osmdroid:osmdroid-android:6.1.11] AndroidManifest.xml:14:9-37
115
116    <uses-feature
116-->[org.osmdroid:osmdroid-android:6.1.11] AndroidManifest.xml:22:5-24:36
117        android:name="android.hardware.telephony"
117-->[org.osmdroid:osmdroid-android:6.1.11] AndroidManifest.xml:23:9-50
118        android:required="false" />
118-->[org.osmdroid:osmdroid-android:6.1.11] AndroidManifest.xml:24:9-33
119    <uses-feature
119-->[org.osmdroid:osmdroid-android:6.1.11] AndroidManifest.xml:25:5-27:36
120        android:name="android.hardware.wifi"
120-->[org.osmdroid:osmdroid-android:6.1.11] AndroidManifest.xml:26:9-45
121        android:required="false" />
121-->[org.osmdroid:osmdroid-android:6.1.11] AndroidManifest.xml:27:9-33
122
123    <permission
123-->[androidx.core:core:1.9.0] AndroidManifest.xml:22:5-24:47
124        android:name="au.otherhome.DYNAMIC_RECEIVER_NOT_EXPORTED_PERMISSION"
124-->[androidx.core:core:1.9.0] AndroidManifest.xml:23:9-81
125        android:protectionLevel="signature" />
125-->[androidx.core:core:1.9.0] AndroidManifest.xml:24:9-44
126
127    <uses-permission android:name="au.otherhome.DYNAMIC_RECEIVER_NOT_EXPORTED_PERMISSION" />
127-->[androidx.core:core:1.9.0] AndroidManifest.xml:26:5-97
127-->[androidx.core:core:1.9.0] AndroidManifest.xml:26:22-94
128
129    <application
129-->src/main/AndroidManifest.xml:81:5-391:19
130        android:name="eu.siacs.conversations.Conversations"
130-->src/main/AndroidManifest.xml:82:9-38
131        android:allowBackup="true"
131-->src/main/AndroidManifest.xml:83:9-35
132        android:appCategory="social"
132-->src/main/AndroidManifest.xml:84:9-37
133        android:appComponentFactory="androidx.core.app.CoreComponentFactory"
133-->[androidx.core:core:1.9.0] AndroidManifest.xml:28:18-86
134        android:dataExtractionRules="@xml/data_extraction_rules"
134-->src/main/AndroidManifest.xml:85:9-65
135        android:extractNativeLibs="false"
136        android:fullBackupContent="@xml/backup_content"
136-->src/main/AndroidManifest.xml:86:9-56
137        android:hardwareAccelerated="true"
137-->src/main/AndroidManifest.xml:87:9-43
138        android:icon="@mipmap/new_launcher"
138-->src/main/AndroidManifest.xml:88:9-44
139        android:label="@string/app_name"
139-->src/main/AndroidManifest.xml:89:9-41
140        android:largeHeap="true"
140-->src/main/AndroidManifest.xml:90:9-33
141        android:localeConfig="@xml/locales_config"
141-->src/main/AndroidManifest.xml:91:9-51
142        android:networkSecurityConfig="@xml/network_security_configuration"
142-->src/main/AndroidManifest.xml:92:9-76
143        android:preserveLegacyExternalStorage="true"
143-->src/main/AndroidManifest.xml:93:9-53
144        android:requestLegacyExternalStorage="true"
144-->src/main/AndroidManifest.xml:94:9-52
145        android:theme="@style/Theme.Conversations3" >
145-->src/main/AndroidManifest.xml:95:9-52
146        <activity
146-->src/conversations/AndroidManifest.xml:5:9-9:47
147            android:name="eu.siacs.conversations.ui.ManageAccountActivity"
147-->src/conversations/AndroidManifest.xml:6:13-53
148            android:label="@string/title_activity_manage_accounts"
148-->src/conversations/AndroidManifest.xml:7:13-67
149            android:launchMode="singleTask"
149-->src/conversations/AndroidManifest.xml:9:13-44
150            android:theme="@style/Theme.Conversations3" />
150-->src/conversations/AndroidManifest.xml:8:13-56
151        <activity
151-->src/conversations/AndroidManifest.xml:10:9-13:47
152            android:name="eu.siacs.conversations.ui.WelcomeActivity"
152-->src/conversations/AndroidManifest.xml:11:13-47
153            android:label="@string/app_name"
153-->src/conversations/AndroidManifest.xml:12:13-45
154            android:launchMode="singleTask" />
154-->src/conversations/AndroidManifest.xml:13:13-44
155        <activity
155-->src/conversations/AndroidManifest.xml:14:9-17:47
156            android:name="eu.siacs.conversations.ui.PickServerActivity"
156-->src/conversations/AndroidManifest.xml:15:13-50
157            android:label="@string/create_new_account"
157-->src/conversations/AndroidManifest.xml:16:13-55
158            android:launchMode="singleTask" />
158-->src/conversations/AndroidManifest.xml:17:13-44
159        <activity
159-->src/conversations/AndroidManifest.xml:18:9-21:47
160            android:name="eu.siacs.conversations.ui.MagicCreateActivity"
160-->src/conversations/AndroidManifest.xml:19:13-51
161            android:label="@string/create_new_account"
161-->src/conversations/AndroidManifest.xml:20:13-55
162            android:launchMode="singleTask" />
162-->src/conversations/AndroidManifest.xml:21:13-44
163        <activity
163-->src/conversations/AndroidManifest.xml:22:9-25:47
164            android:name="eu.siacs.conversations.ui.EasyOnboardingInviteActivity"
164-->src/conversations/AndroidManifest.xml:23:13-60
165            android:label="@string/invite_to_app"
165-->src/conversations/AndroidManifest.xml:24:13-50
166            android:launchMode="singleTask" />
166-->src/conversations/AndroidManifest.xml:25:13-44
167        <activity
167-->src/conversations/AndroidManifest.xml:26:9-30:47
168            android:name="eu.siacs.conversations.ui.ImportBackupActivity"
168-->src/conversations/AndroidManifest.xml:27:13-52
169            android:exported="false"
169-->src/conversations/AndroidManifest.xml:28:13-37
170            android:label="@string/restore_backup"
170-->src/conversations/AndroidManifest.xml:29:13-51
171            android:launchMode="singleTask" />
171-->src/conversations/AndroidManifest.xml:30:13-44
172
173        <meta-data
173-->src/main/AndroidManifest.xml:98:9-100:59
174            android:name="com.google.android.gms.car.application"
174-->src/main/AndroidManifest.xml:99:13-66
175            android:resource="@xml/automotive_app_desc" /> <!-- The warning that systemExempted requires alarm permission is incorrect because doze white list is sufficient -->
175-->src/main/AndroidManifest.xml:100:13-56
176        <service
176-->src/main/AndroidManifest.xml:103:9-111:19
177            android:name="eu.siacs.conversations.services.XmppConnectionService"
177-->src/main/AndroidManifest.xml:104:13-59
178            android:exported="false"
178-->src/main/AndroidManifest.xml:105:13-37
179            android:foregroundServiceType="specialUse|systemExempted|microphone|camera" >
179-->src/main/AndroidManifest.xml:106:13-88
180            <property
180-->src/main/AndroidManifest.xml:108:13-110:43
181                android:name="android.app.PROPERTY_SPECIAL_USE_FGS_SUBTYPE"
181-->src/main/AndroidManifest.xml:109:17-76
182                android:value="xmpp-im" />
182-->src/main/AndroidManifest.xml:110:17-40
183        </service>
184        <service
184-->src/main/AndroidManifest.xml:113:9-116:34
185            android:name="androidx.work.impl.foreground.SystemForegroundService"
185-->src/main/AndroidManifest.xml:114:13-81
186            android:directBootAware="false"
186-->[androidx.work:work-runtime:2.9.0] AndroidManifest.xml:55:13-44
187            android:enabled="@bool/enable_system_foreground_service_default"
187-->[androidx.work:work-runtime:2.9.0] AndroidManifest.xml:56:13-77
188            android:exported="false"
188-->[androidx.work:work-runtime:2.9.0] AndroidManifest.xml:57:13-37
189            android:foregroundServiceType="dataSync" />
189-->src/main/AndroidManifest.xml:115:13-53
190        <service
190-->src/main/AndroidManifest.xml:118:9-121:56
191            android:name="eu.siacs.conversations.services.ImportBackupService"
191-->src/main/AndroidManifest.xml:119:13-57
192            android:exported="false"
192-->src/main/AndroidManifest.xml:120:13-37
193            android:foregroundServiceType="dataSync" />
193-->src/main/AndroidManifest.xml:121:13-53
194        <service
194-->src/main/AndroidManifest.xml:122:9-129:19
195            android:name="eu.siacs.conversations.services.ContactChooserTargetService"
195-->src/main/AndroidManifest.xml:123:13-65
196            android:exported="true"
196-->src/main/AndroidManifest.xml:124:13-36
197            android:permission="android.permission.BIND_CHOOSER_TARGET_SERVICE" >
197-->src/main/AndroidManifest.xml:125:13-80
198            <intent-filter>
198-->src/main/AndroidManifest.xml:126:13-128:29
199                <action android:name="android.service.chooser.ChooserTargetService" />
199-->src/main/AndroidManifest.xml:127:17-87
199-->src/main/AndroidManifest.xml:127:25-84
200            </intent-filter>
201        </service>
202        <service
202-->src/main/AndroidManifest.xml:131:9-138:19
203            android:name="eu.siacs.conversations.services.CallIntegrationConnectionService"
203-->src/main/AndroidManifest.xml:132:13-70
204            android:exported="true"
204-->src/main/AndroidManifest.xml:133:13-36
205            android:permission="android.permission.BIND_TELECOM_CONNECTION_SERVICE" >
205-->src/main/AndroidManifest.xml:134:13-84
206            <intent-filter>
206-->src/main/AndroidManifest.xml:135:13-137:29
207                <action android:name="android.telecom.ConnectionService" />
207-->src/main/AndroidManifest.xml:136:17-76
207-->src/main/AndroidManifest.xml:136:25-73
208            </intent-filter>
209        </service>
210
211        <receiver
211-->src/main/AndroidManifest.xml:140:9-142:40
212            android:name="eu.siacs.conversations.receiver.WorkManagerEventReceiver"
212-->src/main/AndroidManifest.xml:141:13-62
213            android:exported="false" />
213-->src/main/AndroidManifest.xml:142:13-37
214        <receiver
214-->src/main/AndroidManifest.xml:144:9-156:20
215            android:name="eu.siacs.conversations.receiver.SystemEventReceiver"
215-->src/main/AndroidManifest.xml:145:13-57
216            android:exported="false" >
216-->src/main/AndroidManifest.xml:146:13-37
217            <intent-filter>
217-->src/main/AndroidManifest.xml:147:13-155:29
218                <action android:name="android.intent.action.BOOT_COMPLETED" />
218-->src/main/AndroidManifest.xml:148:17-79
218-->src/main/AndroidManifest.xml:148:25-76
219                <action android:name="android.intent.action.MY_PACKAGE_REPLACED" />
219-->src/main/AndroidManifest.xml:149:17-84
219-->src/main/AndroidManifest.xml:149:25-81
220                <action android:name="android.net.conn.CONNECTIVITY_CHANGE" />
220-->src/main/AndroidManifest.xml:150:17-152:50
220-->src/main/AndroidManifest.xml:151:21-72
221                <action android:name="android.intent.action.ACTION_SHUTDOWN" />
221-->src/main/AndroidManifest.xml:153:17-80
221-->src/main/AndroidManifest.xml:153:25-77
222                <action android:name="android.media.RINGER_MODE_CHANGED" />
222-->src/main/AndroidManifest.xml:154:17-76
222-->src/main/AndroidManifest.xml:154:25-73
223            </intent-filter>
224        </receiver>
225        <receiver
225-->src/main/AndroidManifest.xml:158:9-173:20
226            android:name="eu.siacs.conversations.receiver.UnifiedPushDistributor"
226-->src/main/AndroidManifest.xml:159:13-60
227            android:enabled="false"
227-->src/main/AndroidManifest.xml:160:13-36
228            android:exported="true" >
228-->src/main/AndroidManifest.xml:161:13-36
229            <intent-filter>
229-->src/main/AndroidManifest.xml:162:13-168:29
230                <action android:name="org.unifiedpush.android.distributor.REGISTER" />
230-->src/main/AndroidManifest.xml:163:17-87
230-->src/main/AndroidManifest.xml:163:25-84
231                <action android:name="org.unifiedpush.android.distributor.UNREGISTER" />
231-->src/main/AndroidManifest.xml:164:17-89
231-->src/main/AndroidManifest.xml:164:25-86
232                <action android:name="org.unifiedpush.android.distributor.feature.BYTES_MESSAGE" />
232-->src/main/AndroidManifest.xml:165:17-100
232-->src/main/AndroidManifest.xml:165:25-97
233                <action android:name="org.unifiedpush.android.distributor.feature.MESSENGER" />
233-->src/main/AndroidManifest.xml:166:17-96
233-->src/main/AndroidManifest.xml:166:25-93
234                <action android:name="org.unifiedpush.android.distributor.feature.APP_VALIDATION" />
234-->src/main/AndroidManifest.xml:167:17-101
234-->src/main/AndroidManifest.xml:167:25-98
235            </intent-filter>
236            <intent-filter>
236-->src/main/AndroidManifest.xml:169:13-172:29
237                <action android:name="android.intent.action.PACKAGE_FULLY_REMOVED" />
237-->src/main/AndroidManifest.xml:170:17-86
237-->src/main/AndroidManifest.xml:170:25-83
238
239                <data android:scheme="package" />
239-->src/main/AndroidManifest.xml:70:13-56
240            </intent-filter>
241        </receiver>
242
243        <activity
243-->src/main/AndroidManifest.xml:175:9-177:69
244            android:name="eu.siacs.conversations.ui.ShareLocationActivity"
244-->src/main/AndroidManifest.xml:176:13-53
245            android:label="@string/title_activity_share_location" />
245-->src/main/AndroidManifest.xml:177:13-66
246        <activity
246-->src/main/AndroidManifest.xml:178:9-180:55
247            android:name="eu.siacs.conversations.ui.SearchActivity"
247-->src/main/AndroidManifest.xml:179:13-46
248            android:label="@string/search_messages" />
248-->src/main/AndroidManifest.xml:180:13-52
249        <activity
249-->src/main/AndroidManifest.xml:181:9-184:66
250            android:name="eu.siacs.conversations.ui.RecordingActivity"
250-->src/main/AndroidManifest.xml:182:13-49
251            android:configChanges="orientation|screenSize"
251-->src/main/AndroidManifest.xml:183:13-59
252            android:theme="@style/Theme.Conversations3.Dialog" />
252-->src/main/AndroidManifest.xml:184:13-63
253        <activity
253-->src/main/AndroidManifest.xml:185:9-187:68
254            android:name="eu.siacs.conversations.ui.ShowLocationActivity"
254-->src/main/AndroidManifest.xml:186:13-52
255            android:label="@string/title_activity_show_location" />
255-->src/main/AndroidManifest.xml:187:13-65
256        <activity
256-->src/main/AndroidManifest.xml:188:9-196:20
257            android:name="eu.siacs.conversations.ui.ConversationActivity"
257-->src/main/AndroidManifest.xml:189:13-52
258            android:exported="true"
258-->src/main/AndroidManifest.xml:190:13-36
259            android:theme="@style/Theme.Conversations3.SplashScreen" >
259-->src/main/AndroidManifest.xml:191:13-69
260            <intent-filter>
260-->src/main/AndroidManifest.xml:192:13-195:29
261                <action android:name="android.intent.action.MAIN" />
261-->src/main/AndroidManifest.xml:193:17-69
261-->src/main/AndroidManifest.xml:193:25-66
262
263                <category android:name="android.intent.category.LAUNCHER" />
263-->src/main/AndroidManifest.xml:194:17-77
263-->src/main/AndroidManifest.xml:194:27-74
264            </intent-filter>
265        </activity>
266        <activity
266-->src/main/AndroidManifest.xml:197:9-202:57
267            android:name="eu.siacs.conversations.ui.ConversationsActivity"
267-->src/main/AndroidManifest.xml:198:13-53
268            android:launchMode="singleTask"
268-->src/main/AndroidManifest.xml:199:13-44
269            android:minHeight="300dp"
269-->src/main/AndroidManifest.xml:201:13-38
270            android:minWidth="300dp"
270-->src/main/AndroidManifest.xml:200:13-37
271            android:windowSoftInputMode="stateHidden" />
271-->src/main/AndroidManifest.xml:202:13-54
272        <activity
272-->src/main/AndroidManifest.xml:203:9-207:63
273            android:name="eu.siacs.conversations.ui.ScanActivity"
273-->src/main/AndroidManifest.xml:204:13-44
274            android:screenOrientation="portrait"
274-->src/main/AndroidManifest.xml:205:13-49
275            android:theme="@style/Theme.Conversations3.FullScreen"
275-->src/main/AndroidManifest.xml:206:13-67
276            android:windowSoftInputMode="stateAlwaysHidden" />
276-->src/main/AndroidManifest.xml:207:13-60
277        <activity
277-->src/main/AndroidManifest.xml:208:9-246:20
278            android:name="eu.siacs.conversations.ui.UriHandlerActivity"
278-->src/main/AndroidManifest.xml:209:13-50
279            android:exported="true" >
279-->src/main/AndroidManifest.xml:210:13-36
280            <intent-filter>
280-->src/main/AndroidManifest.xml:211:13-218:29
281                <action android:name="android.intent.action.VIEW" />
281-->src/main/AndroidManifest.xml:69:13-65
281-->src/main/AndroidManifest.xml:69:21-62
282
283                <category android:name="android.intent.category.DEFAULT" />
283-->src/main/AndroidManifest.xml:214:17-76
283-->src/main/AndroidManifest.xml:214:27-73
284                <category android:name="android.intent.category.BROWSABLE" />
284-->src/main/AndroidManifest.xml:215:17-78
284-->src/main/AndroidManifest.xml:215:27-75
285
286                <data android:scheme="xmpp" />
286-->src/main/AndroidManifest.xml:70:13-56
287            </intent-filter>
288            <intent-filter android:autoVerify="true" >